<?xml version="1.0" encoding="UTF-8"?>
<!-- Generated by org.testng.reporters.JUnitXMLReporter -->
<testsuite ignored="6" hostname="User-Barath" failures="0" tests="6" name="Test" time="0.202" errors="0" timestamp="2024-02-17T19:24:38 IST">
  <testcase classname="testCases.BaseTest" name="@BeforeTest setup" time="-1.708178077982E9">
    <failure type="org.testng.TestNGException" message="
Parameter &amp;apos;browser&amp;apos; is required by BeforeTest on method setup but has not been marked @Optional or defined
in C:\Users\Barath\eclipse-workspace\Hackathon\src\test\java\testCases\testng.xml">
      <![CDATA[org.testng.TestNGException: 
Parameter 'browser' is required by BeforeTest on method setup but has not been marked @Optional or defined
in C:\Users\Barath\eclipse-workspace\Hackathon\src\test\java\testCases\testng.xml
... Removed 21 stack frames]]>
    </failure>
  </testcase> <!-- @BeforeTest setup -->
  <testcase classname="testCases.BaseTest" name="@AfterTest tearDown" time="-1.70817807817E9">
    <skipped/>
  </testcase> <!-- @AfterTest tearDown -->
  <testcase classname="testCases.Chairs" name="clickChairs" time="0.0">
    <skipped/>
  </testcase> <!-- clickChairs -->
  <testcase classname="testCases.Chairs" name="Displayprice" time="0.0">
    <skipped/>
  </testcase> <!-- Displayprice -->
  <testcase classname="testCases.BookShelf" name="clickProduct" time="0.0">
    <skipped/>
  </testcase> <!-- clickProduct -->
  <testcase classname="testCases.BookShelf" name="DisplayProduct" time="0.0">
    <skipped/>
  </testcase> <!-- DisplayProduct -->
  <testcase classname="testCases.GiftCustomize" name="clickCards" time="0.0">
    <skipped/>
  </testcase> <!-- clickCards -->
  <testcase classname="testCases.GiftCustomize" name="CustomizeCards" time="0.0">
    <skipped/>
  </testcase> <!-- CustomizeCards -->
  <testcase classname="testCases.BaseTest" name="@BeforeTest setup" time="0.0">
    <ignored/>
  </testcase> <!-- @BeforeTest setup -->
  <testcase classname="testCases.BaseTest" name="@BeforeTest setup" time="0.0">
    <ignored/>
  </testcase> <!-- @BeforeTest setup -->
  <testcase classname="testCases.BaseTest" name="@BeforeTest setup" time="0.0">
    <ignored/>
  </testcase> <!-- @BeforeTest setup -->
  <testcase classname="testCases.BaseTest" name="@AfterTest tearDown" time="0.0">
    <ignored/>
  </testcase> <!-- @AfterTest tearDown -->
  <testcase classname="testCases.BaseTest" name="@AfterTest tearDown" time="0.0">
    <ignored/>
  </testcase> <!-- @AfterTest tearDown -->
  <testcase classname="testCases.BaseTest" name="@AfterTest tearDown" time="0.0">
    <ignored/>
  </testcase> <!-- @AfterTest tearDown -->
</testsuite> <!-- Test -->
